[?25l[?7l[0m[31m[1m            .-/+oossssoo+/-.
        `:+ssssssssssssssssss+:`
      -+ssssssssssssssssssyyssss+-
    .ossssssssssssssssss[37m[0m[1mdMMMNy[0m[31m[1msssso.
   /sssssssssss[37m[0m[1mhdmmNNmmyNMMMMh[0m[31m[1mssssss/
  +sssssssss[37m[0m[1mhm[0m[31m[1myd[37m[0m[1mMMMMMMMNddddy[0m[31m[1mssssssss+
 /ssssssss[37m[0m[1mhNMMM[0m[31m[1myh[37m[0m[1mhyyyyhmNMMMNh[0m[31m[1mssssssss/
.ssssssss[37m[0m[1mdMMMNh[0m[31m[1mssssssssss[37m[0m[1mhNMMMd[0m[31m[1mssssssss.
+ssss[37m[0m[1mhhhyNMMNy[0m[31m[1mssssssssssss[37m[0m[1myNMMMy[0m[31m[1msssssss+
oss[37m[0m[1myNMMMNyMMh[0m[31m[1mssssssssssssss[37m[0m[1mhmmmh[0m[31m[1mssssssso
oss[37m[0m[1myNMMMNyMMh[0m[31m[1msssssssssssssshmmmh[0m[31m[1mssssssso
+ssss[37m[0m[1mhhhyNMMNy[0m[31m[1mssssssssssss[37m[0m[1myNMMMy[0m[31m[1msssssss+
.ssssssss[37m[0m[1mdMMMNh[0m[31m[1mssssssssss[37m[0m[1mhNMMMd[0m[31m[1mssssssss.
 /ssssssss[37m[0m[1mhNMMM[0m[31m[1myh[37m[0m[1mhyyyyhdNMMMNh[0m[31m[1mssssssss/
  +sssssssss[37m[0m[1mdm[0m[31m[1myd[37m[0m[1mMMMMMMMMddddy[0m[31m[1mssssssss+
   /sssssssssss[37m[0m[1mhdmNNNNmyNMMMMh[0m[31m[1mssssss/
    .ossssssssssssssssss[37m[0m[1mdMMMNy[0m[31m[1msssso.
      -+sssssssssssssssss[37m[0m[1myyy[0m[31m[1mssss+-
        `:+ssssssssssssssssss+:`
            .-/+oossssoo+/-.[0m
[20A[9999999D[43C[0m[1m[31m[1mneoduckvat[0m@[31m[1mneo-comp[0m 
[43C[0m-------------------[0m 
[43C[0m[31m[1mOS[0m[0m:[0m Ubuntu 24.04.4 LTS x86_64[0m 
[43C[0m[31m[1mHost[0m[0m:[0m NP5x_60_7x_RNx1[0m 
[43C[0m[31m[1mKernel[0m[0m:[0m 6.17.0-20-generic[0m 
[43C[0m[31m[1mUptime[0m[0m:[0m 1 hour, 37 mins[0m 
[43C[0m[31m[1mPackages[0m[0m:[0m 2165 (dpkg), 27 (snap)[0m 
[43C[0m[31m[1mShell[0m[0m:[0m zsh 5.9[0m 
[43C[0m[31m[1mResolution[0m[0m:[0m 1920x1080[0m 
[43C[0m[31m[1mDE[0m[0m:[0m GNOME 46.0[0m 
[43C[0m[31m[1mWM[0m[0m:[0m Mutter[0m 
[43C[0m[31m[1mWM Theme[0m[0m:[0m Adwaita[0m 
[43C[0m[31m[1mTheme[0m[0m:[0m Yaru-viridian-dark [GTK2/3][0m 
[43C[0m[31m[1mIcons[0m[0m:[0m Yaru-viridian [GTK2/3][0m 
[43C[0m[31m[1mTerminal[0m[0m:[0m gnome-terminal[0m 
[43C[0m[31m[1mCPU[0m[0m:[0m 12th Gen Intel i5-12450H (12) @ 4.400GHz[0m 
[43C[0m[31m[1mGPU[0m[0m:[0m Intel Alder Lake-P GT1 [UHD Graphics][0m 
[43C[0m[31m[1mGPU[0m[0m:[0m NVIDIA GeForce RTX 3050 6GB Laptop GPU[0m 
[43C[0m[31m[1mMemory[0m[0m:[0m 4469MiB / 15709MiB[0m 

[43C[30m[40m   [31m[41m   [32m[42m   [33m[43m   [34m[44m   [35m[45m   [36m[46m   [37m[47m   [m
[43C[38;5;8m[48;5;8m   [38;5;9m[48;5;9m   [38;5;10m[48;5;10m   [38;5;11m[48;5;11m   [38;5;12m[48;5;12m   [38;5;13m[48;5;13m   [38;5;14m[48;5;14m   [38;5;15m[48;5;15m   [m


[?25h[?7h